<?xml version="1.0" encoding="UTF-8"?>
<!-- Generated by org.testng.reporters.JUnitXMLReporter -->
<testsuite hostname="AnKusH" name="Test" tests="3" failures="0" timestamp="26 Jun 2020 14:05:57 GMT" time="50.442" errors="0">
  <testcase name="logoTest" time="0.096" classname="com.OrangeHRM.testcases.LoginPageTest"/>
  <testcase name="loginTest" time="6.833" classname="com.OrangeHRM.testcases.LoginPageTest"/>
  <testcase name="clickOnAdminTab" time="9.792" classname="com.OrangeHRM.testcases.HomePageTest"/>
</testsuite> <!-- Test -->
