<?xml version="1.0" encoding="UTF-8"?>
<!-- Generated by org.testng.reporters.JUnitXMLReporter -->
<testsuite hostname="AnKusH" name="Test" tests="3" failures="0" timestamp="29 Jun 2020 11:35:49 GMT" time="50.274" errors="0">
  <testcase name="logoTest" time="0.173" classname="com.OrangeHRM.testcases.LoginPageTest"/>
  <testcase name="loginTest" time="6.836" classname="com.OrangeHRM.testcases.LoginPageTest"/>
  <testcase name="clickOnAdminTab" time="10.122" classname="com.OrangeHRM.testcases.HomePageTest"/>
</testsuite> <!-- Test -->
