<?xml version="1.0" encoding="UTF-8"?>
<testng-results skipped="0" failed="0" total="3" passed="3">
  <reporter-output>
  </reporter-output>
  <suite name="Suite" duration-ms="50274" started-at="2020-06-29T11:34:59Z" finished-at="2020-06-29T11:35:49Z">
    <groups>
    </groups>
    <test name="Test" duration-ms="50274" started-at="2020-06-29T11:34:59Z" finished-at="2020-06-29T11:35:49Z">
      <class name="com.OrangeHRM.testcases.HomePageTest">
        <test-method status="PASS" signature="setUp()[pri:0, instance:com.OrangeHRM.testcases.HomePageTest@6ea6d14e]" name="setUp" is-config="true" duration-ms="9622" started-at="2020-06-29T17:05:29Z" finished-at="2020-06-29T17:05:38Z">
          <reporter-output>
          </reporter-output>
        </test-method> <!-- setUp -->
        <test-method status="PASS" signature="clickOnAdminTab()[pri:3, instance:com.OrangeHRM.testcases.HomePageTest@6ea6d14e]" name="clickOnAdminTab" duration-ms="10122" started-at="2020-06-29T17:05:38Z" finished-at="2020-06-29T17:05:49Z">
          <reporter-output>
          </reporter-output>
        </test-method> <!-- clickOnAdminTab -->
        <test-method status="PASS" signature="closeBrowser()[pri:0, instance:com.OrangeHRM.testcases.HomePageTest@6ea6d14e]" name="closeBrowser" is-config="true" duration-ms="775" started-at="2020-06-29T17:05:49Z" finished-at="2020-06-29T17:05:49Z">
          <reporter-output>
          </reporter-output>
        </test-method> <!-- closeBrowser -->
      </class> <!-- com.OrangeHRM.testcases.HomePageTest -->
      <class name="com.OrangeHRM.testcases.LoginPageTest">
        <test-method status="PASS" signature="setUp()[pri:0, instance:com.OrangeHRM.testcases.LoginPageTest@28864e92]" name="setUp" is-config="true" duration-ms="11266" started-at="2020-06-29T17:04:59Z" finished-at="2020-06-29T17:05:10Z">
          <reporter-output>
          </reporter-output>
        </test-method> <!-- setUp -->
        <test-method status="PASS" signature="logoTest()[pri:1, instance:com.OrangeHRM.testcases.LoginPageTest@28864e92]" name="logoTest" duration-ms="173" started-at="2020-06-29T17:05:10Z" finished-at="2020-06-29T17:05:10Z">
          <reporter-output>
          </reporter-output>
        </test-method> <!-- logoTest -->
        <test-method status="PASS" signature="closeBrowser()[pri:0, instance:com.OrangeHRM.testcases.LoginPageTest@28864e92]" name="closeBrowser" is-config="true" duration-ms="767" started-at="2020-06-29T17:05:10Z" finished-at="2020-06-29T17:05:11Z">
          <reporter-output>
          </reporter-output>
        </test-method> <!-- closeBrowser -->
        <test-method status="PASS" signature="setUp()[pri:0, instance:com.OrangeHRM.testcases.LoginPageTest@28864e92]" name="setUp" is-config="true" duration-ms="9959" started-at="2020-06-29T17:05:11Z" finished-at="2020-06-29T17:05:21Z">
          <reporter-output>
          </reporter-output>
        </test-method> <!-- setUp -->
        <test-method status="PASS" signature="loginTest()[pri:2, instance:com.OrangeHRM.testcases.LoginPageTest@28864e92]" name="loginTest" duration-ms="6836" started-at="2020-06-29T17:05:21Z" finished-at="2020-06-29T17:05:28Z">
          <reporter-output>
          </reporter-output>
        </test-method> <!-- loginTest -->
        <test-method status="PASS" signature="closeBrowser()[pri:0, instance:com.OrangeHRM.testcases.LoginPageTest@28864e92]" name="closeBrowser" is-config="true" duration-ms="734" started-at="2020-06-29T17:05:28Z" finished-at="2020-06-29T17:05:29Z">
          <reporter-output>
          </reporter-output>
        </test-method> <!-- closeBrowser -->
      </class> <!-- com.OrangeHRM.testcases.LoginPageTest -->
    </test> <!-- Test -->
  </suite> <!-- Suite -->
</testng-results>
